<?xml version="1.0" encoding="UTF-8" ?>
<testsuite tests="14" failures="0" name="TestSuite" time="0.038" errors="0" skipped="0">
  <properties>
    <property name="java.runtime.name" value="Java(TM) SE Runtime Environment"/>
    <property name="sun.boot.library.path" value="C:\Progra~1\Java\jdk1.8.0_131\jre\bin"/>
    <property name="java.vm.version" value="25.131-b11"/>
    <property name="java.vm.vendor" value="Oracle Corporation"/>
    <property name="maven.multiModuleProjectDirectory" value="C:\Users\Asus\Documents\GitHub\span-soccer-league"/>
    <property name="java.vendor.url" value="http://java.oracle.com/"/>
    <property name="path.separator" value=";"/>
    <property name="guice.disable.misplaced.annotation.check" value="true"/>
    <property name="java.vm.name" value="Java HotSpot(TM) 64-Bit Server VM"/>
    <property name="file.encoding.pkg" value="sun.io"/>
    <property name="user.script" value=""/>
    <property name="user.country" value="ZA"/>
    <property name="sun.java.launcher" value="SUN_STANDARD"/>
    <property name="sun.os.patch.level" value=""/>
    <property name="java.vm.specification.name" value="Java Virtual Machine Specification"/>
    <property name="user.dir" value="C:\Users\Asus\Documents\GitHub\span-soccer-league"/>
    <property name="java.runtime.version" value="1.8.0_131-b11"/>
    <property name="java.awt.graphicsenv" value="sun.awt.Win32GraphicsEnvironment"/>
    <property name="java.endorsed.dirs" value="C:\Progra~1\Java\jdk1.8.0_131\jre\lib\endorsed"/>
    <property name="os.arch" value="amd64"/>
    <property name="java.io.tmpdir" value="C:\Users\Asus\AppData\Local\Temp\"/>
    <property name="line.separator" value="
"/>
    <property name="java.vm.specification.vendor" value="Oracle Corporation"/>
    <property name="user.variant" value=""/>
    <property name="os.name" value="Windows 10"/>
    <property name="classworlds.conf" value="C:\Program Files\apache-maven-3.5.2\bin\..\bin\m2.conf"/>
    <property name="sun.jnu.encoding" value="Cp1252"/>
    <property name="java.library.path" value="C:\Progra~1\Java\jdk1.8.0_131\bin;C:\Windows\Sun\Java\bin;C:\Windows\system32;C:\Windows;C:\Program Files (x86)\Razer Chroma SDK\bin;C:\Program Files\Razer Chroma SDK\bin;C:\ProgramData\Oracle\Java\javapath;C:\Windows\system32;C:\Windows;C:\Windows\System32\Wbem;C:\Windows\System32\WindowsPowerShell\v1.0\;C:\Program Files\PuTTY\;C:\Windows\system32\config\systemprofile\AppData\Local\Microsoft\WindowsApps;C:\Program Files\MiKTeX 2.9\miktex\bin\x64\;C:\Program Files (x86)\MiKTeX 2.9\miktex\bin\;C:\Program Files (x86)\NVIDIA Corporation\PhysX\Common;C:\Program Files\apache-maven-3.5.2\bin;C:\Users\Asus\AppData\Local\Microsoft\WindowsApps;C:\Users\Asus\AppData\Local\GitHubDesktop\bin;C:\Users\Asus\AppData\Local\GitHubDesktop\app-1.0.9\resources\app\git\mingw64\bin;."/>
    <property name="maven.conf" value="C:\Program Files\apache-maven-3.5.2\bin\../conf"/>
    <property name="java.specification.name" value="Java Platform API Specification"/>
    <property name="java.class.version" value="52.0"/>
    <property name="sun.management.compiler" value="HotSpot 64-Bit Tiered Compilers"/>
    <property name="os.version" value="10.0"/>
    <property name="library.jansi.path" value="C:\Program Files\apache-maven-3.5.2\bin\..\lib\jansi-native"/>
    <property name="user.home" value="C:\Users\Asus"/>
    <property name="user.timezone" value="Africa/Harare"/>
    <property name="java.awt.printerjob" value="sun.awt.windows.WPrinterJob"/>
    <property name="java.specification.version" value="1.8"/>
    <property name="file.encoding" value="Cp1252"/>
    <property name="user.name" value="Asus"/>
    <property name="java.class.path" value="C:\Program Files\apache-maven-3.5.2\bin\..\boot\plexus-classworlds-2.5.2.jar"/>
    <property name="java.vm.specification.version" value="1.8"/>
    <property name="sun.arch.data.model" value="64"/>
    <property name="java.home" value="C:\Progra~1\Java\jdk1.8.0_131\jre"/>
    <property name="sun.java.command" value="org.codehaus.plexus.classworlds.launcher.Launcher install"/>
    <property name="java.specification.vendor" value="Oracle Corporation"/>
    <property name="user.language" value="en"/>
    <property name="awt.toolkit" value="sun.awt.windows.WToolkit"/>
    <property name="java.vm.info" value="mixed mode"/>
    <property name="java.version" value="1.8.0_131"/>
    <property name="java.ext.dirs" value="C:\Progra~1\Java\jdk1.8.0_131\jre\lib\ext;C:\Windows\Sun\Java\lib\ext"/>
    <property name="sun.boot.class.path" value="C:\Progra~1\Java\jdk1.8.0_131\jre\lib\resources.jar;C:\Progra~1\Java\jdk1.8.0_131\jre\lib\rt.jar;C:\Progra~1\Java\jdk1.8.0_131\jre\lib\sunrsasign.jar;C:\Progra~1\Java\jdk1.8.0_131\jre\lib\jsse.jar;C:\Progra~1\Java\jdk1.8.0_131\jre\lib\jce.jar;C:\Progra~1\Java\jdk1.8.0_131\jre\lib\charsets.jar;C:\Progra~1\Java\jdk1.8.0_131\jre\lib\jfr.jar;C:\Progra~1\Java\jdk1.8.0_131\jre\classes"/>
    <property name="sun.stderr.encoding" value="cp437"/>
    <property name="java.vendor" value="Oracle Corporation"/>
    <property name="maven.home" value="C:\Program Files\apache-maven-3.5.2\bin\.."/>
    <property name="file.separator" value="\"/>
    <property name="java.vendor.url.bug" value="http://bugreport.sun.com/bugreport/"/>
    <property name="sun.cpu.endian" value="little"/>
    <property name="sun.io.unicode.encoding" value="UnicodeLittle"/>
    <property name="sun.stdout.encoding" value="cp437"/>
    <property name="sun.desktop" value="windows"/>
    <property name="sun.cpu.isalist" value="amd64"/>
  </properties>
  <testcase classname="io.wesley.span.test.application.TestSoccerLeagueTable" name="addNewTeam_givenNull_doesNothing" time="0.016"/>
  <testcase classname="io.wesley.span.test.application.TestSoccerLeagueTable" name="addNewTeam_givenTeamInTable_doesNothing" time="0.001"/>
  <testcase classname="io.wesley.span.test.application.TestSoccerLeagueTable" name="addNewTeam_givenTeamNotInTable_addsTeamToTable" time="0.001"/>
  <testcase classname="io.wesley.span.test.application.TestSoccerLeagueTable" name="updateScore_givenTeamInTable_replacesScore" time="0"/>
  <testcase classname="io.wesley.span.test.application.TestSoccerLeagueTable" name="updateScore_givenTeamNotInTable_doesNothing" time="0"/>
  <testcase classname="io.wesley.span.test.business.TestMatchManager" name="getResult_givenAwayTeamWin_returnsMinusOne" time="0.004"/>
  <testcase classname="io.wesley.span.test.business.TestMatchManager" name="getResult_givenDraw_returnsZero" time="0"/>
  <testcase classname="io.wesley.span.test.business.TestMatchManager" name="getResult_givenHomeTeamWin_returnsOne" time="0"/>
  <testcase classname="io.wesley.span.test.business.TestPointsManager" name="registerDraw_givenDrawingTeam_addsDrawPointsToTotal" time="0.012"/>
  <testcase classname="io.wesley.span.test.business.TestPointsManager" name="registerGame_givenAwayTeamWin_callsRegisterWinOnHomeAndRegisterLossOnAway" time="0.001"/>
  <testcase classname="io.wesley.span.test.business.TestPointsManager" name="registerGame_givenDraw_callsRegisterWinOnHomeAndRegisterLossOnAway" time="0.001"/>
  <testcase classname="io.wesley.span.test.business.TestPointsManager" name="registerGame_givenHomeTeamWin_callsRegisterWinOnHomeAndRegisterLossOnAway" time="0.001"/>
  <testcase classname="io.wesley.span.test.business.TestPointsManager" name="registerLoss_givenLosingTeam_addsLossPointsToTotal" time="0"/>
  <testcase classname="io.wesley.span.test.business.TestPointsManager" name="registerWin_givenWinningTeam_addsWinPointsToTotal" time="0.001"/>
</testsuite>