<?xml version="1.0" encoding="UTF-8"?>
<!-- Generated by org.testng.reporters.JUnitReportReporter -->
<testsuite skipped="0" hostname="DESKTOP-VQ5JCIV" name="io.wesley.span.test.business.TestMatchManager" tests="3" failures="0" timestamp="03 Dec 2017 19:55:45 GMT" time="0.009" errors="0">
  <testcase name="getResult_givenAwayTeamWin_returnsMinusOne" time="0.004" classname="io.wesley.span.test.business.TestMatchManager"/>
  <testcase name="getResult_givenDraw_returnsZero" time="0.004" classname="io.wesley.span.test.business.TestMatchManager"/>
  <testcase name="getResult_givenHomeTeamWin_returnsOne" time="0.001" classname="io.wesley.span.test.business.TestMatchManager"/>
</testsuite> <!-- io.wesley.span.test.business.TestMatchManager -->
