<?xml version="1.0" encoding="UTF-8"?>
<!-- Generated by org.testng.reporters.JUnitReportReporter -->
<testsuite skipped="0" hostname="DESKTOP-VQ5JCIV" name="io.wesley.span.test.business.TestPointsManager" tests="6" failures="0" timestamp="03 Dec 2017 19:55:45 GMT" time="0.022" errors="0">
  <testcase name="registerGame_givenDraw_callsRegisterWinOnHomeAndRegisterLossOnAway" time="0.002" classname="io.wesley.span.test.business.TestPointsManager"/>
  <testcase name="registerGame_givenHomeTeamWin_callsRegisterWinOnHomeAndRegisterLossOnAway" time="0.000" classname="io.wesley.span.test.business.TestPointsManager"/>
  <testcase name="registerDraw_givenDrawingTeam_addsDrawPointsToTotal" time="0.012" classname="io.wesley.span.test.business.TestPointsManager"/>
  <testcase name="registerLoss_givenLosingTeam_addsLossPointsToTotal" time="0.001" classname="io.wesley.span.test.business.TestPointsManager"/>
  <testcase name="registerWin_givenWinningTeam_addsWinPointsToTotal" time="0.005" classname="io.wesley.span.test.business.TestPointsManager"/>
  <testcase name="registerGame_givenAwayTeamWin_callsRegisterWinOnHomeAndRegisterLossOnAway" time="0.002" classname="io.wesley.span.test.business.TestPointsManager"/>
</testsuite> <!-- io.wesley.span.test.business.TestPointsManager -->
