<?xml version="1.0" encoding="UTF-8"?>
<!-- Generated by org.testng.reporters.JUnitReportReporter -->
<testsuite skipped="0" hostname="DESKTOP-VQ5JCIV" name="io.wesley.span.test.application.TestSoccerLeagueTable" tests="5" failures="0" timestamp="03 Dec 2017 19:55:45 GMT" time="0.132" errors="0">
  <testcase name="addNewTeam_givenNull_doesNothing" time="0.016" classname="io.wesley.span.test.application.TestSoccerLeagueTable"/>
  <testcase name="updateScore_givenTeamInTable_replacesScore" time="0.001" classname="io.wesley.span.test.application.TestSoccerLeagueTable"/>
  <testcase name="updateScore_givenTeamNotInTable_doesNothing" time="0.000" classname="io.wesley.span.test.application.TestSoccerLeagueTable"/>
  <testcase name="addNewTeam_givenTeamInTable_doesNothing" time="0.001" classname="io.wesley.span.test.application.TestSoccerLeagueTable"/>
  <testcase name="addNewTeam_givenTeamNotInTable_addsTeamToTable" time="0.114" classname="io.wesley.span.test.application.TestSoccerLeagueTable"/>
</testsuite> <!-- io.wesley.span.test.application.TestSoccerLeagueTable -->
